2025-07-02 00:38:19 - INFO - [*] Sending command: ls
2025-07-02 00:38:19 - INFO - ls
2025-07-02 00:38:20 - INFO - root@localhost:~#
2025-07-02 00:38:20 - INFO - [*] Command output appended to c:\Users\mkasg\OneDrive\Desktop\serial\logs\ls.log
2025-07-02 00:43:17 - INFO - [*] Sending command: ls
2025-07-02 00:43:18 - INFO - ls
2025-07-02 00:43:18 - INFO - [*] Command output appended to c:\Users\mkasg\OneDrive\Desktop\serial\logs\ls.log
2025-07-02 00:48:20 - INFO - [*] Sending command: ls
2025-07-02 00:48:20 - INFO - ls
2025-07-02 00:48:21 - INFO - root@localhost:~#
2025-07-02 00:55:37 - INFO - [*] Sending command: ls
2025-07-02 00:55:37 - INFO - ls
2025-07-02 00:55:37 - INFO - 2to3				    l2test
2025-07-02 00:55:37 - INFO - 2to3-3.8			    last
2025-07-02 00:55:37 - INFO - AbcIntf.py			    last.util-linux
2025-07-02 00:55:37 - INFO - Ap.py				    lastb
2025-07-02 00:55:37 - INFO - Ble.py				    lastb.util-linux
2025-07-02 00:55:37 - INFO - Eth.py				    lastlog
2025-07-02 00:55:37 - INFO - GainConnManagerParser.py	    lbracket.coreutils
2025-07-02 00:55:37 - INFO - GainCsmimClientStandalone	    ld
2025-07-02 00:55:37 - INFO - GainGpio.py			    ld.bfd
2025-07-02 00:55:37 - INFO - GainLogger.py			    ld.gold
2025-07-02 00:55:37 - INFO - Index.html			    ldd
2025-07-02 00:55:37 - INFO - MQTTVersion			    less
2025-07-02 00:55:37 - INFO - Magick++-config.im7		    less.less
2025-07-02 00:55:37 - INFO - MagickCore-config.im7		    lessecho
2025-07-02 00:55:37 - INFO - MagickWand-config.im7		    lesskey
2025-07-02 00:55:37 - INFO - Usb.py				    libpng-config
2025-07-02 00:55:37 - INFO - Wifi.py				    libpng16-config
2025-07-02 00:55:37 - INFO - [				    libtool
2025-07-02 00:55:37 - INFO - [[				    libtoolize
2025-07-02 00:55:37 - INFO - aclocal				    link
2025-07-02 00:55:37 - INFO - aclocal-1.16			    link.coreutils
2025-07-02 00:55:37 - INFO - addr2line			    linkicc
2025-07-02 00:55:37 - INFO - advtest				    linux32
2025-07-02 00:55:37 - INFO - alsamixer			    linux64
2025-07-02 00:55:37 - INFO - amptest				    loadkeys
2025-07-02 00:55:37 - INFO - animate				    loadunimap
2025-07-02 00:55:37 - INFO - animate.im7			    locale
2025-07-02 00:55:37 - INFO - apm				    localectl
2025-07-02 00:55:37 - INFO - applicationconfigmanagement.sh	    locate
2025-07-02 00:55:37 - INFO - ar				    log-transfer-common.sh
2025-07-02 00:55:37 - INFO - arch				    log-transfer.sh
2025-07-02 00:55:37 - INFO - arch.coreutils			    log2asc
2025-07-02 00:55:37 - INFO - arm-poky-linux-gnueabi-addr2line    log2long
2025-07-02 00:55:37 - INFO - arm-poky-linux-gnueabi-ar	    log4cpp-config
2025-07-02 00:55:37 - INFO - arm-poky-linux-gnueabi-as	    log4cppExample
2025-07-02 00:55:37 - INFO - arm-poky-linux-gnueabi-c++filt	    logger
2025-07-02 00:55:37 - INFO - arm-poky-linux-gnueabi-cpp	    logger.util-linux
2025-07-02 00:55:37 - INFO - arm-poky-linux-gnueabi-dwp	    logname
2025-07-02 00:55:37 - INFO - arm-poky-linux-gnueabi-elfedit	    logname.coreutils
2025-07-02 00:55:37 - INFO - arm-poky-linux-gnueabi-g++	    look
2025-07-02 00:55:37 - INFO - arm-poky-linux-gnueabi-gcc	    lsblk
2025-07-02 00:55:37 - INFO - arm-poky-linux-gnueabi-gcc-ar	    lscpu
2025-07-02 00:55:37 - INFO - arm-poky-linux-gnueabi-gcc-nm	    lsipc
2025-07-02 00:55:37 - INFO - arm-poky-linux-gnueabi-gcc-ranlib   lslocks
2025-07-02 00:55:37 - INFO - arm-poky-linux-gnueabi-gprof	    lslogins
2025-07-02 00:55:37 - INFO - arm-poky-linux-gnueabi-ld	    lsmem
2025-07-02 00:55:37 - INFO - arm-poky-linux-gnueabi-ld.bfd	    lsns
2025-07-02 00:55:37 - INFO - arm-poky-linux-gnueabi-ld.gold	    lsusb
2025-07-02 00:55:37 - INFO - arm-poky-linux-gnueabi-nm	    lsusb.usbutils
2025-07-02 00:55:37 - INFO - arm-poky-linux-gnueabi-objcopy	    lzcat
2025-07-02 00:55:37 - INFO - arm-poky-linux-gnueabi-objdump	    lzcat.xz
2025-07-02 00:55:37 - INFO - arm-poky-linux-gnueabi-pkg-config   lzcmp
2025-07-02 00:55:37 - INFO - arm-poky-linux-gnueabi-ranlib	    lzdiff
2025-07-02 00:55:37 - INFO - arm-poky-linux-gnueabi-readelf	    lzegrep
2025-07-02 00:55:37 - INFO - arm-poky-linux-gnueabi-size	    lzfgrep
2025-07-02 00:55:37 - INFO - arm-poky-linux-gnueabi-strings	    lzgrep
2025-07-02 00:55:37 - INFO - arm-poky-linux-gnueabi-strip	    lzless
2025-07-02 00:55:37 - INFO - as				    lzma
2025-07-02 00:55:37 - INFO - asc2log				    lzma.xz
2025-07-02 00:55:37 - INFO - attr				    lzmadec
2025-07-02 00:55:37 - INFO - autoconf			    lzmainfo
2025-07-02 00:55:37 - INFO - autoheader			    lzmore
2025-07-02 00:55:37 - INFO - autom4te			    m4
2025-07-02 00:55:37 - INFO - automake			    magick-script.im7
2025-07-02 00:55:37 - INFO - automake-1.16			    magick.im7
2025-07-02 00:55:37 - INFO - autopoint			    make
2025-07-02 00:55:37 - INFO - autoreconf			    makeconv
2025-07-02 00:55:37 - INFO - autoscan			    makedb
2025-07-02 00:55:37 - INFO - autoupdate			    mapscrn
2025-07-02 00:55:37 - INFO - avinfo				    mcaptest
2025-07-02 00:55:37 - INFO - avtest				    mcookie
2025-07-02 00:55:37 - INFO - awk				    mcookie.util-linux
2025-07-02 00:55:37 - INFO - b2sum				    md5sum
2025-07-02 00:55:37 - INFO - base32				    md5sum.coreutils
2025-07-02 00:55:37 - INFO - base64.coreutils		    mesg
2025-07-02 00:55:37 - INFO - basename			    mesg.util-linux
2025-07-02 00:55:37 - INFO - basename.coreutils		    microcom
2025-07-02 00:55:37 - INFO - basenc				    mk_cmds
2025-07-02 00:55:37 - INFO - bc				    mkfifo
2025-07-02 00:55:37 - INFO - bc.bc				    mkfifo.coreutils
2025-07-02 00:55:37 - INFO - bccmd				    mkfs.btrfs
2025-07-02 00:55:37 - INFO - bcmserver			    mktemp.coreutils
2025-07-02 00:55:37 - INFO - bdaddr				    mogrify
2025-07-02 00:55:37 - INFO - bison				    mogrify.im7
2025-07-02 00:55:37 - INFO - bluemoon			    montage
2025-07-02 00:55:37 - INFO - bluetooth-player		    montage.im7
2025-07-02 00:55:37 - INFO - bluetoothctl			    mpicalc
2025-07-02 00:55:37 - INFO - bneptest			    mpris-proxy
2025-07-02 00:55:37 - INFO - bsdcat				    msgattrib
2025-07-02 00:55:37 - INFO - btattach			    msgcat
2025-07-02 00:55:37 - INFO - btgatt-client			    msgcmp
2025-07-02 00:55:37 - INFO - btgatt-server			    msgcomm
2025-07-02 00:55:37 - INFO - btinfo				    msgconv
2025-07-02 00:55:37 - INFO - btiotest			    msgen
2025-07-02 00:55:37 - INFO - btmgmt				    msgexec
2025-07-02 00:55:37 - INFO - btmon				    msgfilter
2025-07-02 00:55:37 - INFO - btproxy				    msgfmt
2025-07-02 00:55:37 - INFO - btrfs				    msggrep
2025-07-02 00:55:37 - INFO - btrfs-convert			    msginit
2025-07-02 00:55:37 - INFO - btrfs-find-root			    msgmerge
2025-07-02 00:55:37 - INFO - btrfs-image			    msgunfmt
2025-07-02 00:55:37 - INFO - btrfs-map-logical		    msguniq
2025-07-02 00:55:37 - INFO - btrfs-select-super		    mtrace
2025-07-02 00:55:37 - INFO - btrfsck				    namei
2025-07-02 00:55:37 - INFO - btrfstune			    nano
2025-07-02 00:55:37 - INFO - btsnoop				    nc
2025-07-02 00:55:37 - INFO - bunzip2				    nciattach
2025-07-02 00:55:37 - INFO - bunzip2.bzip2			    ncurses5-config
2025-07-02 00:55:37 - INFO - busctl				    ncurses6-config
2025-07-02 00:55:37 - INFO - bzcat				    ncursesw5-config
2025-07-02 00:55:37 - INFO - bzcat.bzip2			    ncursesw6-config
2025-07-02 00:55:37 - INFO - bzcmp				    ndg_httpclient
2025-07-02 00:55:37 - INFO - bzdiff				    ndg_httpclient.python3-ndg-httpsclient
2025-07-02 00:55:37 - INFO - bzegrep				    nettle-hash
2025-07-02 00:55:37 - INFO - bzfgrep				    nettle-lfib-stream
2025-07-02 00:55:37 - INFO - bzgrep				    nettle-pbkdf2
2025-07-02 00:55:37 - INFO - bzip2				    newgidmap
2025-07-02 00:55:37 - INFO - bzip2.bzip2			    newgrp
2025-07-02 00:55:37 - INFO - bzip2recover			    newgrp.shadow
2025-07-02 00:55:37 - INFO - bzless				    newuidmap
2025-07-02 00:55:37 - INFO - bzmore				    nfctool
2025-07-02 00:55:37 - INFO - c++				    nice.coreutils
2025-07-02 00:55:37 - INFO - c++filt				    nl
2025-07-02 00:55:37 - INFO - c_rehash			    nl.coreutils
2025-07-02 00:55:37 - INFO - cal				    nm
2025-07-02 00:55:37 - INFO - cal.util-linux			    nohup
2025-07-02 00:55:37 - INFO - can-calc-bit-timing		    nohup.coreutils
2025-07-02 00:55:37 - INFO - canbusload			    nokfw
2025-07-02 00:55:37 - INFO - candump				    nproc
2025-07-02 00:55:37 - INFO - canfdtest			    nproc.coreutils
2025-07-02 00:55:37 - INFO - cangen				    nsenter
2025-07-02 00:55:37 - INFO - cangw				    nsenter.util-linux
2025-07-02 00:55:37 - INFO - canlogserver			    nslookup
2025-07-02 00:55:37 - INFO - canplayer			    ntpdate-sync
2025-07-02 00:55:37 - INFO - cansend				    numfmt
2025-07-02 00:55:37 - INFO - cansniffer			    obex-client-tool
2025-07-02 00:55:37 - INFO - catering-cleaning.sh		    obex-server-tool
2025-07-02 00:55:37 - INFO - catering-cycle-test.sh		    obexctl
2025-07-02 00:55:37 - INFO - catering-utils.sh		    objcopy
2025-07-02 00:55:37 - INFO - cc				    objdump
2025-07-02 00:55:37 - INFO - ccache				    od
2025-07-02 00:55:37 - INFO - chacl				    od.coreutils
2025-07-02 00:55:37 - INFO - chage				    oobtest
2025-07-02 00:55:37 - INFO - chardetect			    openssl
2025-07-02 00:55:37 - INFO - chcon				    openvt
2025-07-02 00:55:37 - INFO - chcon.coreutils			    openvt.kbd
2025-07-02 00:55:37 - INFO - check-selftest			    pango-list
2025-07-02 00:55:37 - INFO - chfn				    pango-view
2025-07-02 00:55:37 - INFO - chfn.shadow			    passwd
2025-07-02 00:55:37 - INFO - chmem				    passwd.shadow
2025-07-02 00:55:37 - INFO - choom				    paste
2025-07-02 00:55:37 - INFO - chrt				    paste.coreutils
2025-07-02 00:55:37 - INFO - chrt.util-linux			    patch
2025-07-02 00:55:37 - INFO - chsh				    patch.patch
2025-07-02 00:55:37 - INFO - chsh.shadow			    pathchk
2025-07-02 00:55:37 - INFO - chvt				    pathchk.coreutils
2025-07-02 00:55:37 - INFO - chvt.kbd			    pcprofiledump
2025-07-02 00:55:37 - INFO - ciptool				    pcre-config
2025-07-02 00:55:37 - INFO - cksum				    perl
2025-07-02 00:55:38 - INFO - cksum.coreutils			    pgrep
2025-07-02 00:55:38 - INFO - clear				    pgrep.procps
2025-07-02 00:55:38 - INFO - cltest				    pinky
2025-07-02 00:55:38 - INFO - cmake				    pinky.coreutils
2025-07-02 00:55:38 - INFO - cmp				    pkcs1-conv
2025-07-02 00:55:38 - INFO - cmp.diffutils			    pkg-config
2025-07-02 00:55:38 - INFO - col				    pkgdata
2025-07-02 00:55:38 - INFO - colcrt				    pkill
2025-07-02 00:55:38 - INFO - colrm				    pkill.procps
2025-07-02 00:55:38 - INFO - column				    pldd
2025-07-02 00:55:38 - INFO - comm				    pmap
2025-07-02 00:55:38 - INFO - comm.coreutils			    pmap.procps
2025-07-02 00:55:38 - INFO - compare				    pr
2025-07-02 00:55:38 - INFO - compare.im7			    pr.coreutils
2025-07-02 00:55:38 - INFO - compile_et			    printenv.coreutils
2025-07-02 00:55:38 - INFO - composite			    printf
2025-07-02 00:55:38 - INFO - composite.im7			    printf.coreutils
2025-07-02 00:55:38 - INFO - configmanagement.sh		    prlimit
2025-07-02 00:55:38 - INFO - conjure				    prlimit.util-linux
2025-07-02 00:55:38 - INFO - conjure.im7			    procan
2025-07-02 00:55:38 - INFO - convert				    psfaddtable
2025-07-02 00:55:38 - INFO - convert.im7			    psfgettable
2025-07-02 00:55:38 - INFO - cpack				    psfstriptable
2025-07-02 00:55:38 - INFO - cpp				    psfxtable
2025-07-02 00:55:38 - INFO - create-image			    psicc
2025-07-02 00:55:38 - INFO - cronnext			    ptx
2025-07-02 00:55:38 - INFO - crontab				    ptx.coreutils
2025-07-02 00:55:38 - INFO - crossscripts			    pwdx
2025-07-02 00:55:38 - INFO - csplit				    pwdx.procps
2025-07-02 00:55:38 - INFO - csplit.coreutils		    pydoc3
2025-07-02 00:55:38 - INFO - csslint-0.6			    pydoc3.8
2025-07-02 00:55:38 - INFO - ctest				    python3
2025-07-02 00:55:38 - INFO - curl				    python3-config
2025-07-02 00:55:38 - INFO - cut				    python3.8
2025-07-02 00:55:38 - INFO - cut.coreutils			    python3.8-config
2025-07-02 00:55:38 - INFO - dbclient			    python3.8-config-lib
2025-07-02 00:55:38 - INFO - dbus-cleanup-sockets		    quilt
2025-07-02 00:55:38 - INFO - dbus-daemon			    ranlib
2025-07-02 00:55:38 - INFO - dbus-launch			    rctest
2025-07-02 00:55:38 - INFO - dbus-monitor			    readelf
2025-07-02 00:55:38 - INFO - dbus-run-session		    readlink
2025-07-02 00:55:38 - INFO - dbus-send			    readlink.coreutils
2025-07-02 00:55:38 - INFO - dbus-test-tool			    realpath
2025-07-02 00:55:38 - INFO - dbus-update-activation-environment  realpath.coreutils
2025-07-02 00:55:38 - INFO - dbus-uuidgen			    recode-sr-latin
2025-07-02 00:55:38 - INFO - dc				    rename
2025-07-02 00:55:38 - INFO - dc.bc				    renice
2025-07-02 00:55:38 - INFO - deallocvt			    renice.util-linux
2025-07-02 00:55:38 - INFO - deallocvt.kbd			    reset
2025-07-02 00:55:38 - INFO - derb				    resize
2025-07-02 00:55:38 - INFO - desktop-file-edit		    resolvectl
2025-07-02 00:55:38 - INFO - desktop-file-install		    rev
2025-07-02 00:55:38 - INFO - desktop-file-validate		    rev.util-linux
2025-07-02 00:55:38 - INFO - devmem2				    rfcomm
2025-07-02 00:55:38 - INFO - df.coreutils			    rgview
2025-07-02 00:55:38 - INFO - dhcp_release			    rgvim
2025-07-02 00:55:38 - INFO - diff				    rnano
2025-07-02 00:55:38 - INFO - diff.diffutils			    rpcinfo
2025-07-02 00:55:38 - INFO - diff3				    rpcinfo.rpcbind
2025-07-02 00:55:38 - INFO - diffstat			    runcon
2025-07-02 00:55:38 - INFO - dir				    runcon.coreutils
2025-07-02 00:55:38 - INFO - dir.coreutils			    rview
2025-07-02 00:55:38 - INFO - dircolors			    rvim
2025-07-02 00:55:38 - INFO - dircolors.coreutils		    scotest
2025-07-02 00:55:38 - INFO - dirname				    scp
2025-07-02 00:55:38 - INFO - dirname.coreutils		    script
2025-07-02 00:55:38 - INFO - display				    scriptlive
2025-07-02 00:55:38 - INFO - display.im7			    scriptreplay
2025-07-02 00:55:38 - INFO - dnsmasq				    sdiff
2025-07-02 00:55:38 - INFO - du				    sdptool
2025-07-02 00:55:38 - INFO - du.coreutils			    seq
2025-07-02 00:55:38 - INFO - dumpkeys			    seq.coreutils
2025-07-02 00:55:38 - INFO - dumpleases			    seq2bseq
2025-07-02 00:55:38 - INFO - dwp				    setarch
2025-07-02 00:55:38 - INFO - easy3_install			    setfacl
2025-07-02 00:55:38 - INFO - easy_install-3.8		    setfattr
2025-07-02 00:55:38 - INFO - eddystone			    setfattr.attr
2025-07-02 00:55:38 - INFO - eject				    setfont
2025-07-02 00:55:38 - INFO - eject.util-linux		    setkeycodes
2025-07-02 00:55:38 - INFO - elfedit				    setleds
2025-07-02 00:55:38 - INFO - env				    setmetamode
2025-07-02 00:55:38 - INFO - env.coreutils			    setpriv
2025-07-02 00:55:38 - INFO - eu-ar				    setpriv.util-linux
2025-07-02 00:55:38 - INFO - eu-elfclassify			    setsid
2025-07-02 00:55:38 - INFO - eu-elfcmp			    setsid.util-linux
2025-07-02 00:55:38 - INFO - eu-elfcompress			    setterm
2025-07-02 00:55:38 - INFO - eu-elflint			    setvtrgb
2025-07-02 00:55:38 - INFO - eu-findtextrel			    sexp-conv
2025-07-02 00:55:38 - INFO - eu-make-debug-archive		    sg
2025-07-02 00:55:38 - INFO - eu-objdump			    sha1sum
2025-07-02 00:55:38 - INFO - eu-ranlib			    sha1sum.coreutils
2025-07-02 00:55:38 - INFO - eu-stack			    sha224sum
2025-07-02 00:55:38 - INFO - eu-strings			    sha224sum.coreutils
2025-07-02 00:55:38 - INFO - eu-unstrip			    sha256sum
2025-07-02 00:55:38 - INFO - eview				    sha256sum.coreutils
2025-07-02 00:55:38 - INFO - evim				    sha384sum
2025-07-02 00:55:38 - INFO - evtest				    sha384sum.coreutils
2025-07-02 00:55:38 - INFO - ex				    sha512sum
2025-07-02 00:55:38 - INFO - exiftran			    sha512sum.coreutils
2025-07-02 00:55:38 - INFO - expand				    showconsolefont
2025-07-02 00:55:38 - INFO - expand.coreutils		    showkey
2025-07-02 00:55:38 - INFO - expiry				    showkey.kbd
2025-07-02 00:55:38 - INFO - expr				    shred
2025-07-02 00:55:38 - INFO - expr.coreutils			    shred.coreutils
2025-07-02 00:55:38 - INFO - factor				    shuf
2025-07-02 00:55:38 - INFO - factor.coreutils		    shuf.coreutils
2025-07-02 00:55:38 - INFO - faillog				    size
2025-07-02 00:55:38 - INFO - fallocate			    skill
2025-07-02 00:55:38 - INFO - fallocate.util-linux		    skill.procps
2025-07-02 00:55:38 - INFO - fb-offset			    slabtop
2025-07-02 00:55:38 - INFO - fb-perf				    slcan_attach
2025-07-02 00:55:38 - INFO - fb-rect				    slcand
2025-07-02 00:55:38 - INFO - fb-test				    slcanpty
2025-07-02 00:55:38 - INFO - fbgs				    snice
2025-07-02 00:55:38 - INFO - fbi				    snice.procps
2025-07-02 00:55:38 - INFO - fc-cache			    socat
2025-07-02 00:55:38 - INFO - fc-cat				    sort
2025-07-02 00:55:38 - INFO - fc-conflist			    sort.coreutils
2025-07-02 00:55:38 - INFO - fc-list				    splash-screen.sh
2025-07-02 00:55:38 - INFO - fc-match			    split
2025-07-02 00:55:38 - INFO - fc-pattern			    split.coreutils
2025-07-02 00:55:38 - INFO - fc-query			    sprof
2025-07-02 00:55:38 - INFO - fc-scan				    ssh
2025-07-02 00:55:38 - INFO - fc-validate			    static
2025-07-02 00:55:38 - INFO - fgconsole			    stdbuf
2025-07-02 00:55:38 - INFO - fgconsole.kbd			    strace
2025-07-02 00:55:38 - INFO - filan				    strace-log-merge
2025-07-02 00:55:38 - INFO - file				    stream
2025-07-02 00:55:38 - INFO - file.file			    stream.im7
2025-07-02 00:55:38 - INFO - fincore				    stressapptest
2025-07-02 00:55:38 - INFO - find				    strings
2025-07-02 00:55:38 - INFO - find.findutils			    strip
2025-07-02 00:55:38 - INFO - findmnt				    sum
2025-07-02 00:55:38 - INFO - flask				    sum.coreutils
2025-07-02 00:55:38 - INFO - flex				    systemd-analyze
2025-07-02 00:55:38 - INFO - flex++				    systemd-cat
2025-07-02 00:55:38 - INFO - flock				    systemd-cgls
2025-07-02 00:55:38 - INFO - flock.util-linux		    systemd-cgtop
2025-07-02 00:55:38 - INFO - fmt				    systemd-delta
2025-07-02 00:55:38 - INFO - fmt.coreutils			    systemd-detect-virt
2025-07-02 00:55:38 - INFO - fold				    systemd-id128
2025-07-02 00:55:38 - INFO - fold.coreutils			    systemd-mount
2025-07-02 00:55:38 - INFO - fpga-utils.sh			    systemd-path
2025-07-02 00:55:38 - INFO - fpgaReadWritetest		    systemd-resolve
2025-07-02 00:55:38 - INFO - free				    systemd-run
2025-07-02 00:55:38 - INFO - free.procps			    systemd-socket-activate
2025-07-02 00:55:38 - INFO - fsck.btrfs			    systemd-stdio-bridge
2025-07-02 00:55:38 - INFO - funzip				    systemd-umount
2025-07-02 00:55:38 - INFO - fuser				    tac
2025-07-02 00:55:38 - INFO - g++				    tac.coreutils
2025-07-02 00:55:38 - INFO - g-ir-annotation-tool		    tail
2025-07-02 00:55:38 - INFO - g-ir-compiler			    tail.coreutils
2025-07-02 00:55:38 - INFO - g-ir-generate			    taskset
2025-07-02 00:55:38 - INFO - g-ir-inspect			    taskset.util-linux
2025-07-02 00:55:38 - INFO - g-ir-scanner			    tclsh
2025-07-02 00:55:38 - INFO - gain-application-initmngr.sh	    tclsh8.6
2025-07-02 00:55:38 - INFO - gain-host-name.sh		    tclsh8.6.10
2025-07-02 00:55:38 - INFO - gain-id.sh			    tee
2025-07-02 00:55:38 - INFO - gain-logger.sh			    tee.coreutils
2025-07-02 00:55:38 - INFO - gainconfigparsertest		    telnet
2025-07-02 00:55:38 - INFO - gaincoremanagerapp		    test
2025-07-02 00:55:38 - INFO - gaincoremanagertest		    test-runner
2025-07-02 00:55:38 - INFO - gainexterncomminterfaceapp	    test.coreutils
2025-07-02 00:55:38 - INFO - gainhealthmanagementtest	    test_log_application
2025-07-02 00:55:38 - INFO - gainhealthmanagerapp		    testj1939
2025-07-02 00:55:38 - INFO - gainlogfault.sh			    testmemread
2025-07-02 00:55:38 - INFO - gainnetworkmanager		    testmemwrite
2025-07-02 00:55:38 - INFO - gainpbitapp			    tftp
2025-07-02 00:55:38 - INFO - gainqtinterface			    tificc
2025-07-02 00:55:38 - INFO - gainrestclienttest		    time
2025-07-02 00:55:38 - INFO - gainrestservertest		    timedatectl
2025-07-02 00:55:38 - INFO - gainrotaryinterface		    timeout
2025-07-02 00:55:38 - INFO - gaintestserver.py		    timeout.coreutils
2025-07-02 00:55:38 - INFO - gainuserinterface		    tload
2025-07-02 00:55:38 - INFO - gapplication			    tmux
2025-07-02 00:55:38 - INFO - gatt-service			    top
2025-07-02 00:55:38 - INFO - gatttool			    top.procps
2025-07-02 00:55:38 - INFO - gawk				    tput
2025-07-02 00:55:38 - INFO - gawk-5.0.1			    tr
2025-07-02 00:55:38 - INFO - gcc				    tr.coreutils
2025-07-02 00:55:38 - INFO - gcore				    traceroute
2025-07-02 00:55:38 - INFO - gdb				    transicc
2025-07-02 00:55:38 - INFO - gdb-add-index			    truncate
2025-07-02 00:55:38 - INFO - gdbserver			    truncate.coreutils
2025-07-02 00:55:38 - INFO - gdbus				    ts
2025-07-02 00:55:38 - INFO - genbrk				    ts_calibrate
2025-07-02 00:55:38 - INFO - gencat				    ts_conf
2025-07-02 00:55:38 - INFO - gencfu				    ts_finddev
2025-07-02 00:55:38 - INFO - gencnval			    ts_harvest
2025-07-02 00:55:38 - INFO - gendict				    ts_print
2025-07-02 00:55:38 - INFO - genrb				    ts_print_mt
2025-07-02 00:55:38 - INFO - getconf				    ts_print_raw
2025-07-02 00:55:38 - INFO - getent				    ts_test
2025-07-02 00:55:38 - INFO - getfacl				    ts_test_mt
2025-07-02 00:55:38 - INFO - getfattr			    ts_verify
2025-07-02 00:55:38 - INFO - getkeycodes			    tset
2025-07-02 00:55:38 - INFO - gettextize			    tsort
2025-07-02 00:55:38 - INFO - gio				    tsort.coreutils
2025-07-02 00:55:38 - INFO - gio-launch-desktop		    tty
2025-07-02 00:55:38 - INFO - glib-compile-resources		    tty.coreutils
2025-07-02 00:55:38 - INFO - glib-compile-schemas		    uconv
2025-07-02 00:55:38 - INFO - glib-genmarshal			    ul
2025-07-02 00:55:38 - INFO - glib-gettextize			    uname26
2025-07-02 00:55:38 - INFO - glib-mkenums			    unexpand
2025-07-02 00:55:38 - INFO - gnu-configize			    unexpand.coreutils
2025-07-02 00:55:38 - INFO - gobject-query			    unicode_start
2025-07-02 00:55:38 - INFO - gpasswd				    unicode_stop
2025-07-02 00:55:38 - INFO - gpio-init.sh			    uniq
2025-07-02 00:55:38 - INFO - gpiodetect			    uniq.coreutils
2025-07-02 00:55:38 - INFO - gpiofind			    unlink
2025-07-02 00:55:38 - INFO - gpioget				    unlink.coreutils
2025-07-02 00:55:38 - INFO - gpioinfo			    unlzma
2025-07-02 00:55:38 - INFO - gpiomon				    unlzma.xz
2025-07-02 00:55:38 - INFO - gpiorwtest			    unshare
2025-07-02 00:55:38 - INFO - gpioset				    unshare.util-linux
2025-07-02 00:55:38 - INFO - gprof				    unxz
2025-07-02 00:55:38 - INFO - gresource			    unxz.xz
2025-07-02 00:55:38 - INFO - groups				    unzip
2025-07-02 00:55:38 - INFO - groups.coreutils		    unzip.unzip
2025-07-02 00:55:38 - INFO - groups.shadow			    unzipsfx
2025-07-02 00:55:38 - INFO - gsettings			    update-alternatives
2025-07-02 00:55:38 - INFO - gtester				    update-desktop-database
2025-07-02 00:55:38 - INFO - gtester-report			    update-mime-database
2025-07-02 00:55:38 - INFO - gtk-demo			    updatedb
2025-07-02 00:55:38 - INFO - gtk-launch			    uptime
2025-07-02 00:55:38 - INFO - gtk-query-immodules-2.0		    uptime.coreutils
2025-07-02 00:55:38 - INFO - gtk-query-immodules-3.0		    uptime.procps
2025-07-02 00:55:38 - INFO - gtk-update-icon-cache		    usb-devices
2025-07-02 00:55:38 - INFO - gtk-update-icon-cache-2.0	    usb-storage-detection.sh
2025-07-02 00:55:38 - INFO - gtk-update-icon-cache-3.0	    usbhid-dump
2025-07-02 00:55:38 - INFO - gview				    users
2025-07-02 00:55:38 - INFO - gvim				    users.coreutils
2025-07-02 00:55:38 - INFO - gvimdiff			    utmpdump
2025-07-02 00:55:38 - INFO - gvimtutor			    utmpdump.util-linux
2025-07-02 00:55:38 - INFO - hardlink			    uuidgen
2025-07-02 00:55:38 - INFO - hciattach			    uuidgen.util-linux
2025-07-02 00:55:38 - INFO - hciconfig			    uuidparse
2025-07-02 00:55:38 - INFO - hcidump				    vdir
2025-07-02 00:55:38 - INFO - hcieventmask			    vdir.coreutils
2025-07-02 00:55:38 - INFO - hcisecfilter			    view
2025-07-02 00:55:38 - INFO - hcitool				    vim
2025-07-02 00:55:38 - INFO - head				    vim.vim
2025-07-02 00:55:38 - INFO - head.coreutils			    vimdiff
2025-07-02 00:55:38 - INFO - hex2hcd				    vimtutor
2025-07-02 00:55:38 - INFO - hexdump				    vlock
2025-07-02 00:55:38 - INFO - hexdump.util-linux		    vmstat
2025-07-02 00:55:38 - INFO - hostid				    w
2025-07-02 00:55:38 - INFO - hostid.coreutils		    w.procps
2025-07-02 00:55:38 - INFO - hostnamectl			    wall
2025-07-02 00:55:38 - INFO - hwdb				    wall.util-linux
2025-07-02 00:55:38 - INFO - iapd				    wayland-scanner
2025-07-02 00:55:38 - INFO - ibeacon				    wc
2025-07-02 00:55:38 - INFO - iconv				    wc.coreutils
2025-07-02 00:55:38 - INFO - icu-config			    wdctl
2025-07-02 00:55:38 - INFO - icuinfo				    wget
2025-07-02 00:55:38 - INFO - id				    whereis
2025-07-02 00:55:38 - INFO - id.coreutils			    which
2025-07-02 00:55:38 - INFO - identify			    which.which
2025-07-02 00:55:38 - INFO - identify.im7			    who
2025-07-02 00:55:38 - INFO - idle3				    who.coreutils
2025-07-02 00:55:38 - INFO - idle3.8				    whoami
2025-07-02 00:55:38 - INFO - ifnames				    whoami.coreutils
2025-07-02 00:55:38 - INFO - import				    wpa_passphrase
2025-07-02 00:55:38 - INFO - import.im7			    write
2025-07-02 00:55:38 - INFO - install				    xargs
2025-07-02 00:55:38 - INFO - install.coreutils		    xargs.findutils
2025-07-02 00:55:38 - INFO - interfacemanager.py		    xgettext
2025-07-02 00:55:38 - INFO - ionice				    xml2-config
2025-07-02 00:55:38 - INFO - ionice.util-linux		    xmlcatalog
2025-07-02 00:55:38 - INFO - ipcmk				    xmllint
2025-07-02 00:55:38 - INFO - ipcrm				    xxd
2025-07-02 00:55:38 - INFO - ipcs				    xxd.vim
2025-07-02 00:55:38 - INFO - iperf3				    xz
2025-07-02 00:55:38 - INFO - iptables-xml			    xz.xz
2025-07-02 00:55:38 - INFO - isosize				    xzcat
2025-07-02 00:55:38 - INFO - isotpdump			    xzcat.xz
2025-07-02 00:55:38 - INFO - isotpperf			    xzcmp
2025-07-02 00:55:38 - INFO - isotprecv			    xzdec
2025-07-02 00:55:38 - INFO - isotpsend			    xzdiff
2025-07-02 00:55:38 - INFO - isotpserver			    xzegrep
2025-07-02 00:55:38 - INFO - isotpsniffer			    xzfgrep
2025-07-02 00:55:38 - INFO - isotptun			    xzgrep
2025-07-02 00:55:38 - INFO - jacd				    xzless
2025-07-02 00:55:38 - INFO - jcat				    xzmore
2025-07-02 00:55:38 - INFO - join				    yacc
2025-07-02 00:55:38 - INFO - join.coreutils			    yat2m
2025-07-02 00:55:38 - INFO - jpgicc				    yes
2025-07-02 00:55:38 - INFO - jspy				    yes.coreutils
2025-07-02 00:55:38 - INFO - jsr				    zip
2025-07-02 00:55:38 - INFO - kbd_mode			    zipcloak
2025-07-02 00:55:38 - INFO - kbdinfo				    zipgrep
2025-07-02 00:55:38 - INFO - kbdrate				    zipinfo
2025-07-02 00:55:38 - INFO - killall				    zipnote
2025-07-02 00:55:38 - INFO - l2ping				    zipsplit
2025-07-02 00:55:39 - INFO - root@localhost:/usr/bin#
2025-07-02 00:56:52 - INFO - [*] Sending command: ls
2025-07-02 00:56:52 - INFO - ls
2025-07-02 00:56:52 - INFO - log
2025-07-02 00:56:53 - INFO - root@localhost:/mnt#
2025-07-02 00:57:05 - INFO - [*] Sending command: ls
2025-07-02 00:57:05 - INFO - ls
2025-07-02 00:57:05 - INFO - CATERING.json  System Volume Information  gain-pbit-status.log	gain.log
2025-07-02 00:57:06 - INFO - root@localhost:/mnt/log#
